C:\NHN-NEXT2015(1학기)\C_LAB\POINTER\DEBUG\POINTER.OBJ
C:\NHN-NEXT2015(1학기)\C_LAB\POINTER\DEBUG\VC110.PDB
C:\NHN-NEXT2015(1학기)\C_LAB\POINTER\DEBUG\STRING.OBJ
C:\NHN-NEXT2015(1학기)\C_LAB\POINTER\DEBUG\POINTER.ILK
C:\NHN-NEXT2015(1학기)\C_LAB\POINTER\DEBUG\POINTER.EXE
C:\NHN-NEXT2015(1학기)\C_LAB\POINTER\DEBUG\POINTER.PDB
C:\NHN-NEXT2015(1학기)\C_LAB\Pointer\Debug\Pointer.obj
C:\NHN-NEXT2015(1학기)\C_LAB\Pointer\Debug\String.obj
C:\NHN-NEXT2015(1학기)\C_LAB\Pointer\Debug\Pointer.ilk
C:\NHN-NEXT2015(1학기)\C_LAB\Pointer\Debug\cl.command.1.tlog
C:\NHN-NEXT2015(1학기)\C_LAB\Pointer\Debug\CL.read.1.tlog
C:\NHN-NEXT2015(1학기)\C_LAB\Pointer\Debug\CL.write.1.tlog
C:\NHN-NEXT2015(1학기)\C_LAB\Pointer\Debug\link-cvtres.read.1.tlog
C:\NHN-NEXT2015(1학기)\C_LAB\Pointer\Debug\link-cvtres.write.1.tlog
C:\NHN-NEXT2015(1학기)\C_LAB\Pointer\Debug\link-rc.read.1.tlog
C:\NHN-NEXT2015(1학기)\C_LAB\Pointer\Debug\link-rc.write.1.tlog
C:\NHN-NEXT2015(1학기)\C_LAB\Pointer\Debug\link.1412-cvtres.read.1.tlog
C:\NHN-NEXT2015(1학기)\C_LAB\Pointer\Debug\link.1412-cvtres.write.1.tlog
C:\NHN-NEXT2015(1학기)\C_LAB\Pointer\Debug\link.1412-rc.read.1.tlog
C:\NHN-NEXT2015(1학기)\C_LAB\Pointer\Debug\link.1412-rc.write.1.tlog
C:\NHN-NEXT2015(1학기)\C_LAB\Pointer\Debug\link.1412.read.1.tlog
C:\NHN-NEXT2015(1학기)\C_LAB\Pointer\Debug\link.1412.write.1.tlog
C:\NHN-NEXT2015(1학기)\C_LAB\Pointer\Debug\link.2536-cvtres.read.1.tlog
C:\NHN-NEXT2015(1학기)\C_LAB\Pointer\Debug\link.2536-cvtres.write.1.tlog
C:\NHN-NEXT2015(1학기)\C_LAB\Pointer\Debug\link.2536-rc.read.1.tlog
C:\NHN-NEXT2015(1학기)\C_LAB\Pointer\Debug\link.2536-rc.write.1.tlog
C:\NHN-NEXT2015(1학기)\C_LAB\Pointer\Debug\link.2536.read.1.tlog
C:\NHN-NEXT2015(1학기)\C_LAB\Pointer\Debug\link.2536.write.1.tlog
C:\NHN-NEXT2015(1학기)\C_LAB\Pointer\Debug\link.6376-cvtres.read.1.tlog
C:\NHN-NEXT2015(1학기)\C_LAB\Pointer\Debug\link.6376-cvtres.write.1.tlog
C:\NHN-NEXT2015(1학기)\C_LAB\Pointer\Debug\link.6376-rc.read.1.tlog
C:\NHN-NEXT2015(1학기)\C_LAB\Pointer\Debug\link.6376-rc.write.1.tlog
C:\NHN-NEXT2015(1학기)\C_LAB\Pointer\Debug\link.6376.read.1.tlog
C:\NHN-NEXT2015(1학기)\C_LAB\Pointer\Debug\link.6376.write.1.tlog
C:\NHN-NEXT2015(1학기)\C_LAB\Pointer\Debug\link.6400-cvtres.read.1.tlog
C:\NHN-NEXT2015(1학기)\C_LAB\Pointer\Debug\link.6400-cvtres.write.1.tlog
C:\NHN-NEXT2015(1학기)\C_LAB\Pointer\Debug\link.6400-rc.read.1.tlog
C:\NHN-NEXT2015(1학기)\C_LAB\Pointer\Debug\link.6400-rc.write.1.tlog
C:\NHN-NEXT2015(1학기)\C_LAB\Pointer\Debug\link.6400.read.1.tlog
C:\NHN-NEXT2015(1학기)\C_LAB\Pointer\Debug\link.6400.write.1.tlog
C:\NHN-NEXT2015(1학기)\C_LAB\Pointer\Debug\link.7344-cvtres.read.1.tlog
C:\NHN-NEXT2015(1학기)\C_LAB\Pointer\Debug\link.7344-cvtres.write.1.tlog
C:\NHN-NEXT2015(1학기)\C_LAB\Pointer\Debug\link.7344-rc.read.1.tlog
C:\NHN-NEXT2015(1학기)\C_LAB\Pointer\Debug\link.7344-rc.write.1.tlog
C:\NHN-NEXT2015(1학기)\C_LAB\Pointer\Debug\link.7344.read.1.tlog
C:\NHN-NEXT2015(1학기)\C_LAB\Pointer\Debug\link.7344.write.1.tlog
C:\NHN-NEXT2015(1학기)\C_LAB\Pointer\Debug\link.7464-cvtres.read.1.tlog
C:\NHN-NEXT2015(1학기)\C_LAB\Pointer\Debug\link.7464-cvtres.write.1.tlog
C:\NHN-NEXT2015(1학기)\C_LAB\Pointer\Debug\link.7464-rc.read.1.tlog
C:\NHN-NEXT2015(1학기)\C_LAB\Pointer\Debug\link.7464-rc.write.1.tlog
C:\NHN-NEXT2015(1학기)\C_LAB\Pointer\Debug\link.7464.read.1.tlog
C:\NHN-NEXT2015(1학기)\C_LAB\Pointer\Debug\link.7464.write.1.tlog
C:\NHN-NEXT2015(1학기)\C_LAB\Pointer\Debug\link.748-cvtres.read.1.tlog
C:\NHN-NEXT2015(1학기)\C_LAB\Pointer\Debug\link.748-cvtres.write.1.tlog
C:\NHN-NEXT2015(1학기)\C_LAB\Pointer\Debug\link.748-rc.read.1.tlog
C:\NHN-NEXT2015(1학기)\C_LAB\Pointer\Debug\link.748-rc.write.1.tlog
C:\NHN-NEXT2015(1학기)\C_LAB\Pointer\Debug\link.748.read.1.tlog
C:\NHN-NEXT2015(1학기)\C_LAB\Pointer\Debug\link.748.write.1.tlog
C:\NHN-NEXT2015(1학기)\C_LAB\Pointer\Debug\link.command.1.tlog
C:\NHN-NEXT2015(1학기)\C_LAB\Pointer\Debug\link.read.1.tlog
C:\NHN-NEXT2015(1학기)\C_LAB\Pointer\Debug\link.write.1.tlog
C:\NHN-NEXT2015(1학기)\C_LAB\Pointer\Debug\vc110.idb
C:\NHN-NEXT2015(1학기)\C_LAB\Pointer\Debug\Pointer.pdb
C:\NHN-NEXT2015(1학기)\C_LAB\Pointer\Debug\vc110.pdb
C:\NHN-NEXT2015(1학기)\C_LAB\Pointer\Debug\Pointer.exe
