C:\NHN-NEXT2015(1학기)\C_LAB\ARRAY\DEBUG\ARRAY.OBJ
C:\NHN-NEXT2015(1학기)\C_LAB\ARRAY\DEBUG\HOMEWORK7.OBJ
C:\NHN-NEXT2015(1학기)\C_LAB\ARRAY\DEBUG\HW7.OBJ
C:\NHN-NEXT2015(1학기)\C_LAB\ARRAY\DEBUG\VC110.PDB
C:\NHN-NEXT2015(1학기)\C_LAB\ARRAY\DEBUG\HW3.7.OBJ
C:\NHN-NEXT2015(1학기)\C_LAB\ARRAY\DEBUG\ARRAY.ILK
C:\NHN-NEXT2015(1학기)\C_LAB\ARRAY\DEBUG\ARRAY.EXE
C:\NHN-NEXT2015(1학기)\C_LAB\ARRAY\DEBUG\ARRAY.PDB
C:\NHN-NEXT2015(1학기)\C_LAB\Array\Debug\Array.obj
C:\NHN-NEXT2015(1학기)\C_LAB\Array\Debug\homework7.obj
C:\NHN-NEXT2015(1학기)\C_LAB\Array\Debug\hw3.7.obj
C:\NHN-NEXT2015(1학기)\C_LAB\Array\Debug\HW7.obj
C:\NHN-NEXT2015(1학기)\C_LAB\Array\Debug\Array.ilk
C:\NHN-NEXT2015(1학기)\C_LAB\Array\Debug\cl.command.1.tlog
C:\NHN-NEXT2015(1학기)\C_LAB\Array\Debug\CL.read.1.tlog
C:\NHN-NEXT2015(1학기)\C_LAB\Array\Debug\CL.write.1.tlog
C:\NHN-NEXT2015(1학기)\C_LAB\Array\Debug\link-cvtres.read.1.tlog
C:\NHN-NEXT2015(1학기)\C_LAB\Array\Debug\link-cvtres.write.1.tlog
C:\NHN-NEXT2015(1학기)\C_LAB\Array\Debug\link-rc.read.1.tlog
C:\NHN-NEXT2015(1학기)\C_LAB\Array\Debug\link-rc.write.1.tlog
C:\NHN-NEXT2015(1학기)\C_LAB\Array\Debug\link.command.1.tlog
C:\NHN-NEXT2015(1학기)\C_LAB\Array\Debug\link.read.1.tlog
C:\NHN-NEXT2015(1학기)\C_LAB\Array\Debug\link.write.1.tlog
C:\NHN-NEXT2015(1학기)\C_LAB\Array\Debug\vc110.idb
C:\NHN-NEXT2015(1학기)\C_LAB\Array\Debug\Array.pdb
C:\NHN-NEXT2015(1학기)\C_LAB\Array\Debug\vc110.pdb
C:\NHN-NEXT2015(1학기)\C_LAB\Array\Debug\Array.exe
