C:\NHN-NEXT2015(1학기)\C_LAB\STRUCTURE\DEBUG\STRUCTURE.OBJ
C:\NHN-NEXT2015(1학기)\C_LAB\STRUCTURE\DEBUG\VC110.PDB
C:\NHN-NEXT2015(1학기)\C_LAB\STRUCTURE\DEBUG\STRUCTURE.ILK
C:\NHN-NEXT2015(1학기)\C_LAB\STRUCTURE\DEBUG\STRUCTURE.EXE
C:\NHN-NEXT2015(1학기)\C_LAB\STRUCTURE\DEBUG\STRUCTURE.PDB
C:\NHN-NEXT2015(1학기)\C_LAB\structure\Debug\Structure.obj
C:\NHN-NEXT2015(1학기)\C_LAB\structure\Debug\structure.ilk
C:\NHN-NEXT2015(1학기)\C_LAB\structure\Debug\cl.command.1.tlog
C:\NHN-NEXT2015(1학기)\C_LAB\structure\Debug\CL.read.1.tlog
C:\NHN-NEXT2015(1학기)\C_LAB\structure\Debug\CL.write.1.tlog
C:\NHN-NEXT2015(1학기)\C_LAB\structure\Debug\link-cvtres.read.1.tlog
C:\NHN-NEXT2015(1학기)\C_LAB\structure\Debug\link-cvtres.write.1.tlog
C:\NHN-NEXT2015(1학기)\C_LAB\structure\Debug\link-rc.read.1.tlog
C:\NHN-NEXT2015(1학기)\C_LAB\structure\Debug\link-rc.write.1.tlog
C:\NHN-NEXT2015(1학기)\C_LAB\structure\Debug\link.command.1.tlog
C:\NHN-NEXT2015(1학기)\C_LAB\structure\Debug\link.read.1.tlog
C:\NHN-NEXT2015(1학기)\C_LAB\structure\Debug\link.write.1.tlog
C:\NHN-NEXT2015(1학기)\C_LAB\structure\Debug\vc110.idb
C:\NHN-NEXT2015(1학기)\C_LAB\structure\Debug\structure.pdb
C:\NHN-NEXT2015(1학기)\C_LAB\structure\Debug\vc110.pdb
C:\NHN-NEXT2015(1학기)\C_LAB\structure\Debug\structure.exe
