C:\NHN-NEXT2015(1학기)\C_LAB\FIRST\DEBUG\HELLO.OBJ
C:\NHN-NEXT2015(1학기)\C_LAB\FIRST\DEBUG\VC110.PDB
C:\NHN-NEXT2015(1학기)\C_LAB\FIRST\DEBUG\FIRST.ILK
C:\NHN-NEXT2015(1학기)\C_LAB\FIRST\DEBUG\FIRST.EXE
C:\NHN-NEXT2015(1학기)\C_LAB\FIRST\DEBUG\FIRST.PDB
C:\NHN-NEXT2015(1학기)\C_LAB\First\Debug\Hello.obj
C:\NHN-NEXT2015(1학기)\C_LAB\First\Debug\First.ilk
C:\NHN-NEXT2015(1학기)\C_LAB\First\Debug\cl.command.1.tlog
C:\NHN-NEXT2015(1학기)\C_LAB\First\Debug\CL.read.1.tlog
C:\NHN-NEXT2015(1학기)\C_LAB\First\Debug\CL.write.1.tlog
C:\NHN-NEXT2015(1학기)\C_LAB\First\Debug\link-cvtres.read.1.tlog
C:\NHN-NEXT2015(1학기)\C_LAB\First\Debug\link-cvtres.write.1.tlog
C:\NHN-NEXT2015(1학기)\C_LAB\First\Debug\link-rc.read.1.tlog
C:\NHN-NEXT2015(1학기)\C_LAB\First\Debug\link-rc.write.1.tlog
C:\NHN-NEXT2015(1학기)\C_LAB\First\Debug\link.command.1.tlog
C:\NHN-NEXT2015(1학기)\C_LAB\First\Debug\link.read.1.tlog
C:\NHN-NEXT2015(1학기)\C_LAB\First\Debug\link.write.1.tlog
C:\NHN-NEXT2015(1학기)\C_LAB\First\Debug\vc110.idb
C:\NHN-NEXT2015(1학기)\C_LAB\First\Debug\First.pdb
C:\NHN-NEXT2015(1학기)\C_LAB\First\Debug\vc110.pdb
C:\NHN-NEXT2015(1학기)\C_LAB\First\Debug\First.exe
