C:\NHN-NEXT2015(1학기)\C_LAB\HOMEWORK\DEBUG\BADUK.OBJ
C:\NHN-NEXT2015(1학기)\C_LAB\HOMEWORK\DEBUG\VC110.PDB
C:\NHN-NEXT2015(1학기)\C_LAB\HOMEWORK\DEBUG\HOMEWORK.ILK
C:\NHN-NEXT2015(1학기)\C_LAB\HOMEWORK\DEBUG\HOMEWORK.EXE
C:\NHN-NEXT2015(1학기)\C_LAB\HOMEWORK\DEBUG\HOMEWORK.PDB
C:\NHN-NEXT2015(1학기)\C_LAB\HomeWork\Debug\baduk.obj
C:\NHN-NEXT2015(1학기)\C_LAB\HomeWork\Debug\HomeWork.ilk
C:\NHN-NEXT2015(1학기)\C_LAB\HomeWork\Debug\homeWork2.ilk
C:\NHN-NEXT2015(1학기)\C_LAB\HomeWork\Debug\cl.command.1.tlog
C:\NHN-NEXT2015(1학기)\C_LAB\HomeWork\Debug\CL.read.1.tlog
C:\NHN-NEXT2015(1학기)\C_LAB\HomeWork\Debug\CL.write.1.tlog
C:\NHN-NEXT2015(1학기)\C_LAB\HomeWork\Debug\link-cvtres.read.1.tlog
C:\NHN-NEXT2015(1학기)\C_LAB\HomeWork\Debug\link-cvtres.write.1.tlog
C:\NHN-NEXT2015(1학기)\C_LAB\HomeWork\Debug\link-rc.read.1.tlog
C:\NHN-NEXT2015(1학기)\C_LAB\HomeWork\Debug\link-rc.write.1.tlog
C:\NHN-NEXT2015(1학기)\C_LAB\HomeWork\Debug\link.command.1.tlog
C:\NHN-NEXT2015(1학기)\C_LAB\HomeWork\Debug\link.read.1.tlog
C:\NHN-NEXT2015(1학기)\C_LAB\HomeWork\Debug\link.write.1.tlog
C:\NHN-NEXT2015(1학기)\C_LAB\HomeWork\Debug\vc110.idb
C:\NHN-NEXT2015(1학기)\C_LAB\HomeWork\Debug\HomeWork.pdb
C:\NHN-NEXT2015(1학기)\C_LAB\HomeWork\Debug\homeWork2.pdb
C:\NHN-NEXT2015(1학기)\C_LAB\HomeWork\Debug\vc110.pdb
C:\NHN-NEXT2015(1학기)\C_LAB\HomeWork\Debug\HomeWork.exe
